<?xml version="1.0" encoding="UTF-8"?>
<!-- Generated by org.testng.reporters.JUnitReportReporter -->
<testsuite hostname="Dell" failures="0" tests="1" name="com.form.testcases.TC_01" time="51.947" errors="0" timestamp="2021-05-20T12:30:51 PKT" skipped="0">
  <testcase classname="com.form.testcases.TC_01" name="main" time="51.947"/>
  <system-out/>
</testsuite> <!-- com.form.testcases.TC_01 -->
